<?xml version="1.0" encoding="UTF-8"?>
<testsuite name="test.java.commygdx.game.actors.CharacterTest" tests="7" skipped="0" failures="0" errors="0" timestamp="2021-01-30T10:53:29" hostname="DESKTOP-OGPGK3B" time="0.012">
  <properties/>
  <testcase name="getPosition()" classname="test.java.commygdx.game.actors.CharacterTest" time="0.001"/>
  <testcase name="positionChanged()" classname="test.java.commygdx.game.actors.CharacterTest" time="0.0"/>
  <testcase name="checkCollision()" classname="test.java.commygdx.game.actors.CharacterTest" time="0.001"/>
  <testcase name="getTexture()" classname="test.java.commygdx.game.actors.CharacterTest" time="0.002"/>
  <testcase name="act()" classname="test.java.commygdx.game.actors.CharacterTest" time="0.001"/>
  <testcase name="draw()" classname="test.java.commygdx.game.actors.CharacterTest" time="0.001"/>
  <testcase name="handleMovement()" classname="test.java.commygdx.game.actors.CharacterTest" time="0.0"/>
  <system-out><![CDATA[]]></system-out>
  <system-err><![CDATA[]]></system-err>
</testsuite>
