<?xml version="1.0" encoding="UTF-8"?>
<testsuite name="test.java.commygdx.game.actors.AuberTest" tests="5" skipped="0" failures="0" errors="0" timestamp="2021-01-30T11:25:50" hostname="DESKTOP-OGPGK3B" time="0.022">
  <properties/>
  <testcase name="teleportCheck()" classname="test.java.commygdx.game.actors.AuberTest" time="0.012"/>
  <testcase name="arrest()" classname="test.java.commygdx.game.actors.AuberTest" time="0.0"/>
  <testcase name="getTexture()" classname="test.java.commygdx.game.actors.AuberTest" time="0.001"/>
  <testcase name="handleMovement()" classname="test.java.commygdx.game.actors.AuberTest" time="0.001"/>
  <testcase name="shuffle()" classname="test.java.commygdx.game.actors.AuberTest" time="0.001"/>
  <system-out><![CDATA[]]></system-out>
  <system-err><![CDATA[]]></system-err>
</testsuite>
